*** Starting uWSGI 2.0.21 (64bit) on [Sat Jul  1 22:24:16 2023] ***
compiled with version: 9.4.0 on 30 June 2023 07:31:33
os: Linux-5.4.0-139-generic #156-Ubuntu SMP Fri Jan 20 17:27:18 UTC 2023
nodename: VM-8-13-ubuntu
machine: x86_64
clock source: unix
detected number of CPU cores: 2
current working directory: /home/summer/summer_backend
writing pidfile to uwsgi.pid
detected binary path: /usr/local/bin/uwsgi
!!! no internal routing support, rebuild with pcre support !!!
chdir() to /home/summer/summer_backend
your processes number limit is 7547
your memory page size is 4096 bytes
detected max file descriptor number: 1048576
lock engine: pthread robust mutexes
thunder lock: disabled (you can enable it with --thunder-lock)
uwsgi socket 0 bound to TCP address 127.0.0.1:8000 fd 6
Python version: 3.8.10 (default, Mar 13 2023, 10:26:41)  [GCC 9.4.0]
Set PythonHome to /home/summer/miniconda3/envs/django
Python path configuration:
  PYTHONHOME = '/home/summer/miniconda3/envs/django'
  PYTHONPATH = (not set)
  program name = '/home/summer/miniconda3/envs/django/bin/python'
  isolated = 0
  environment = 1
  user site = 1
  import site = 1
  sys._base_executable = '/home/summer/miniconda3/envs/django/bin/python'
  sys.base_prefix = '/home/summer/miniconda3/envs/django'
  sys.base_exec_prefix = '/home/summer/miniconda3/envs/django'
  sys.executable = '/home/summer/miniconda3/envs/django/bin/python'
  sys.prefix = '/home/summer/miniconda3/envs/django'
  sys.exec_prefix = '/home/summer/miniconda3/envs/django'
  sys.path = [
    '/home/summer/miniconda3/envs/django/lib/python38.zip',
    '/home/summer/miniconda3/envs/django/lib/python3.8',
    '/home/summer/miniconda3/envs/django/lib/python3.8/lib-dynload',
  ]
Fatal Python error: init_fs_encoding: failed to get the Python codec of the filesystem encoding
Python runtime state: core initialized
ModuleNotFoundError: No module named 'encodings'

Current thread 0x00007f80eb857740 (most recent call first):
<no Python frame>
